# JRE version: Java(TM) SE Runtime Environment (7.0_79-b15) (build 1.7.0_79-b15)
# Java VM: Java HotSpot(TM) 64-Bit Server VM (24.79-b02 mixed mode windows-amd64 compressed oops)
Heap
 PSYoungGen      total 257536K, used 60973K [0x00000000eae00000, 0x00000000ff600000, 0x0000000100000000)
  eden space 217088K, 28% used [0x00000000eae00000,0x00000000ee98b528,0x00000000f8200000)
  from space 40448K, 0% used [0x00000000faa80000,0x00000000faa80000,0x00000000fd200000)
  to   space 41472K, 0% used [0x00000000f8200000,0x00000000f8200000,0x00000000faa80000)
 ParOldGen       total 99328K, used 43111K [0x00000000c0a00000, 0x00000000c6b00000, 0x00000000eae00000)
  object space 99328K, 43% used [0x00000000c0a00000,0x00000000c3419e38,0x00000000c6b00000)
 PSPermGen       total 52736K, used 29983K [0x00000000bb800000, 0x00000000beb80000, 0x00000000c0a00000)
  object space 52736K, 56% used [0x00000000bb800000,0x00000000bd547e18,0x00000000beb80000)
GC Heap History (10 events):
Event: 10.024 GC heap before
{Heap before GC invocations=10 (full 1):
 PSYoungGen      total 145920K, used 14845K [0x00000000eae00000, 0x00000000fa900000, 0x0000000100000000)
  eden space 131072K, 0% used [0x00000000eae00000,0x00000000eae00000,0x00000000f2e00000)
  from space 14848K, 99% used [0x00000000f2e00000,0x00000000f3c7f748,0x00000000f3c80000)
  to   space 23552K, 0% used [0x00000000f9200000,0x00000000f9200000,0x00000000fa900000)
 ParOldGen       total 43008K, used 35801K [0x00000000c0a00000, 0x00000000c3400000, 0x00000000eae00000)
  object space 43008K, 83% used [0x00000000c0a00000,0x00000000c2cf6730,0x00000000c3400000)
 PSPermGen       total 26624K, used 26178K [0x00000000bb800000, 0x00000000bd200000, 0x00000000c0a00000)
  object space 26624K, 98% used [0x00000000bb800000,0x00000000bd190900,0x00000000bd200000)
Event: 10.286 GC heap after
Heap after GC invocations=10 (full 1):
 PSYoungGen      total 145920K, used 0K [0x00000000eae00000, 0x00000000fa900000, 0x0000000100000000)
  eden space 131072K, 0% used [0x00000000eae00000,0x00000000eae00000,0x00000000f2e00000)
  from space 14848K, 0% used [0x00000000f2e00000,0x00000000f2e00000,0x00000000f3c80000)
  to   space 23552K, 0% used [0x00000000f9200000,0x00000000f9200000,0x00000000fa900000)
 ParOldGen       total 80384K, used 41470K [0x00000000c0a00000, 0x00000000c5880000, 0x00000000eae00000)
  object space 80384K, 51% used [0x00000000c0a00000,0x00000000c327f938,0x00000000c5880000)
 PSPermGen       total 52736K, used 26167K [0x00000000bb800000, 0x00000000beb80000, 0x00000000c0a00000)
  object space 52736K, 49% used [0x00000000bb800000,0x00000000bd18de10,0x00000000beb80000)
}
Event: 11.200 GC heap before
{Heap before GC invocations=11 (full 1):
 PSYoungGen      total 145920K, used 131072K [0x00000000eae00000, 0x00000000fa900000, 0x0000000100000000)
  eden space 131072K, 100% used [0x00000000eae00000,0x00000000f2e00000,0x00000000f2e00000)
  from space 14848K, 0% used [0x00000000f2e00000,0x00000000f2e00000,0x00000000f3c80000)
  to   space 23552K, 0% used [0x00000000f9200000,0x00000000f9200000,0x00000000fa900000)
 ParOldGen       total 80384K, used 41470K [0x00000000c0a00000, 0x00000000c5880000, 0x00000000eae00000)
  object space 80384K, 51% used [0x00000000c0a00000,0x00000000c327f938,0x00000000c5880000)
 PSPermGen       total 52736K, used 26185K [0x00000000bb800000, 0x00000000beb80000, 0x00000000c0a00000)
  object space 52736K, 49% used [0x00000000bb800000,0x00000000bd192718,0x00000000beb80000)
Event: 11.234 GC heap after
Heap after GC invocations=11 (full 1):
 PSYoungGen      total 189952K, used 23538K [0x00000000eae00000, 0x00000000fa900000, 0x0000000100000000)
  eden space 166400K, 0% used [0x00000000eae00000,0x00000000eae00000,0x00000000f5080000)
  from space 23552K, 99% used [0x00000000f9200000,0x00000000fa8fcb58,0x00000000fa900000)
  to   space 28672K, 0% used [0x00000000f7100000,0x00000000f7100000,0x00000000f8d00000)
 ParOldGen       total 80384K, used 44514K [0x00000000c0a00000, 0x00000000c5880000, 0x00000000eae00000)
  object space 80384K, 55% used [0x00000000c0a00000,0x00000000c3578ab8,0x00000000c5880000)
 PSPermGen       total 52736K, used 26185K [0x00000000bb800000, 0x00000000beb80000, 0x00000000c0a00000)
  object space 52736K, 49% used [0x00000000bb800000,0x00000000bd192718,0x00000000beb80000)
}
Event: 12.326 GC heap before
{Heap before GC invocations=12 (full 1):
 PSYoungGen      total 189952K, used 189938K [0x00000000eae00000, 0x00000000fa900000, 0x0000000100000000)
  eden space 166400K, 100% used [0x00000000eae00000,0x00000000f5080000,0x00000000f5080000)
  from space 23552K, 99% used [0x00000000f9200000,0x00000000fa8fcb58,0x00000000fa900000)
  to   space 28672K, 0% used [0x00000000f7100000,0x00000000f7100000,0x00000000f8d00000)
 ParOldGen       total 80384K, used 44514K [0x00000000c0a00000, 0x00000000c5880000, 0x00000000eae00000)
  object space 80384K, 55% used [0x00000000c0a00000,0x00000000c3578ab8,0x00000000c5880000)
 PSPermGen       total 52736K, used 26210K [0x00000000bb800000, 0x00000000beb80000, 0x00000000c0a00000)
  object space 52736K, 49% used [0x00000000bb800000,0x00000000bd198800,0x00000000beb80000)
Event: 12.378 GC heap after
Heap after GC invocations=12 (full 1):
 PSYoungGen      total 228352K, used 28651K [0x00000000eae00000, 0x00000000fd200000, 0x0000000100000000)
  eden space 199680K, 0% used [0x00000000eae00000,0x00000000eae00000,0x00000000f7100000)
  from space 28672K, 99% used [0x00000000f7100000,0x00000000f8cfacd0,0x00000000f8d00000)
  to   space 40448K, 0% used [0x00000000faa80000,0x00000000faa80000,0x00000000fd200000)
 ParOldGen       total 80384K, used 63669K [0x00000000c0a00000, 0x00000000c5880000, 0x00000000eae00000)
  object space 80384K, 79% used [0x00000000c0a00000,0x00000000c482d4d8,0x00000000c5880000)
 PSPermGen       total 52736K, used 26210K [0x00000000bb800000, 0x00000000beb80000, 0x00000000c0a00000)
  object space 52736K, 49% used [0x00000000bb800000,0x00000000bd198800,0x00000000beb80000)
}
Event: 274.812 GC heap before
{Heap before GC invocations=13 (full 1):
 PSYoungGen      total 228352K, used 228331K [0x00000000eae00000, 0x00000000fd200000, 0x0000000100000000)
  eden space 199680K, 100% used [0x00000000eae00000,0x00000000f7100000,0x00000000f7100000)
  from space 28672K, 99% used [0x00000000f7100000,0x00000000f8cfacd0,0x00000000f8d00000)
  to   space 40448K, 0% used [0x00000000faa80000,0x00000000faa80000,0x00000000fd200000)
 ParOldGen       total 80384K, used 63669K [0x00000000c0a00000, 0x00000000c5880000, 0x00000000eae00000)
  object space 80384K, 79% used [0x00000000c0a00000,0x00000000c482d4d8,0x00000000c5880000)
 PSPermGen       total 52736K, used 34576K [0x00000000bb800000, 0x00000000beb80000, 0x00000000c0a00000)
  object space 52736K, 65% used [0x00000000bb800000,0x00000000bd9c4168,0x00000000beb80000)
Event: 274.862 GC heap after
Heap after GC invocations=13 (full 1):
 PSYoungGen      total 257536K, used 24261K [0x00000000eae00000, 0x00000000ff600000, 0x0000000100000000)
  eden space 217088K, 0% used [0x00000000eae00000,0x00000000eae00000,0x00000000f8200000)
  from space 40448K, 59% used [0x00000000faa80000,0x00000000fc2316e0,0x00000000fd200000)
  to   space 41472K, 0% used [0x00000000f8200000,0x00000000f8200000,0x00000000faa80000)
 ParOldGen       total 80384K, used 77451K [0x00000000c0a00000, 0x00000000c5880000, 0x00000000eae00000)
  object space 80384K, 96% used [0x00000000c0a00000,0x00000000c55a2f50,0x00000000c5880000)
 PSPermGen       total 52736K, used 34576K [0x00000000bb800000, 0x00000000beb80000, 0x00000000c0a00000)
  object space 52736K, 65% used [0x00000000bb800000,0x00000000bd9c4168,0x00000000beb80000)
}
Event: 274.862 GC heap before
{Heap before GC invocations=14 (full 2):
 PSYoungGen      total 257536K, used 24261K [0x00000000eae00000, 0x00000000ff600000, 0x0000000100000000)
  eden space 217088K, 0% used [0x00000000eae00000,0x00000000eae00000,0x00000000f8200000)
  from space 40448K, 59% used [0x00000000faa80000,0x00000000fc2316e0,0x00000000fd200000)
  to   space 41472K, 0% used [0x00000000f8200000,0x00000000f8200000,0x00000000faa80000)
 ParOldGen       total 80384K, used 77451K [0x00000000c0a00000, 0x00000000c5880000, 0x00000000eae00000)
  object space 80384K, 96% used [0x00000000c0a00000,0x00000000c55a2f50,0x00000000c5880000)
 PSPermGen       total 52736K, used 34576K [0x00000000bb800000, 0x00000000beb80000, 0x00000000c0a00000)
  object space 52736K, 65% used [0x00000000bb800000,0x00000000bd9c4168,0x00000000beb80000)
Event: 275.047 GC heap after
Heap after GC invocations=14 (full 2):
 PSYoungGen      total 257536K, used 0K [0x00000000eae00000, 0x00000000ff600000, 0x0000000100000000)
  eden space 217088K, 0% used [0x00000000eae00000,0x00000000eae00000,0x00000000f8200000)
  from space 40448K, 0% used [0x00000000faa80000,0x00000000faa80000,0x00000000fd200000)
  to   space 41472K, 0% used [0x00000000f8200000,0x00000000f8200000,0x00000000faa80000)
 ParOldGen       total 99328K, used 43111K [0x00000000c0a00000, 0x00000000c6b00000, 0x00000000eae00000)
  object space 99328K, 43% used [0x00000000c0a00000,0x00000000c3419e38,0x00000000c6b00000)
 PSPermGen       total 52736K, used 29888K [0x00000000bb800000, 0x00000000beb80000, 0x00000000c0a00000)
  object space 52736K, 56% used [0x00000000bb800000,0x00000000bd530310,0x00000000beb80000)
}

